V-226048::*::HardCodedRule(ServiceRule)@{DscResource = 'Service'; Ensure = 'Present'; ServiceName = $null; ServiceState = 'Running'; StartupType = $null; OrganizationValueTestString = 'ServiceName/StartupType is populated with correct AntiVirus service information'}
V-226064::"Store password using reversible encryption"::"Store passwords using reversible encryption"
V-226066::0 or greater than 600 minutes::"0" or greater than "600" minutes
V-226067::0 or greater than 10 hours::"0" or greater than "10" hours
V-226068::is greater than 7 days::is greater than "7" days
V-226069::is greater than 5 minutes::is greater than "5" minutes
V-226062::"Minimum password length,"::"Minimum password length"
V-226070::*::''
V-226194::Value: 0x00000001 (1) ::Value: 1 Or 2
V-226256::*::HardCodedRule(ServiceRule)@{DscResource = 'Service'; Ensure = 'Present'; ServiceName = $null; ServiceState = 'Running'; StartupType = $null; OrganizationValueTestString = 'ServiceName/StartupType is populated with correct Certificate Revocation Checking service information'}
V-226236::*::HardCodedRule(ServiceRule)@{DscResource = 'Service'; Ensure = 'Present'; ServiceName = $null; ServiceState = 'Running'; StartupType = $null; OrganizationValueTestString = 'ServiceName/StartupType is populated with correct Firewall service information'}
V-226053::*::HardCodedRule(AuditSettingRule)@{DscResource = 'AuditSetting'; DesiredValue = '6.3.9600.17415'; Operator = '-ge'; Property = 'Version'; Query = "SELECT * FROM CIM_Datafile WHERE FileName='powershell' AND Path LIKE '%\\Windows\\System32\\WindowsPowerShell\\v1.0\\%' AND Extension='exe'"}
V-226054::Registry Path: \SOFTWARE\ Policies\Microsoft\Windows\PowerShell\ScriptBlockLogging\::Registry Path: \SOFTWARE\Policies\Microsoft\Windows\PowerShell\ScriptBlockLogging\
V-226339::*::HardCodedRule(RegistryRule)@{DscResource = 'Registry'; Ensure = 'Present'; Key = 'HKEY_LOCAL_MACHINE\Software\Microsoft\Windows\CurrentVersion\Policies\System'; ValueName = 'ConsentPromptBehaviorAdmin'; ValueType = 'Dword'; ValueData = $null; OrganizationValueTestString = "'{0}' -le '4'"}
V-226071::The following results should be displayed:::C:\Windows\SYSVOL
V-226071::NT AUTHORITY\Authenticated Users:(RX)::Type - "Allow" for all
V-226071::NT AUTHORITY\Authenticated Users:(OI)(CI)(IO)(GR,GE)::Inherited from - "None" for all
V-226071::BUILTIN\Server Operators:(RX)::Principal - Access - Applies to
V-226071::BUILTIN\Server Operators:(OI)(CI)(IO)(GR,GE)::Authenticated Users - Read & execute - This folder, subfolder, and files
V-226071::BUILTIN\Administrators:(M,WDAC,WO)::''
V-226071::BUILTIN\Administrators:(OI)(CI)(IO)(F)::Server Operators - Read & execute - This folder, subfolder, and files
V-226071::NT AUTHORITY\SYSTEM:(F)::Administrators - all selected except Full control - This folder only
V-226071::NT AUTHORITY\SYSTEM:(OI)(CI)(IO)(F)::CREATOR OWNER - Full control - Subfolders and files only
V-226071::CREATOR OWNER:(OI)(CI)(IO)(F)::Administrators - Full control - Subfolders and files only
V-226071::(RX) - Read & execute::SYSTEM - Full control - This folder, subfolders, and files
V-226076::*::HardCodedRule(RegistryRule)@{DscResource = 'Registry'; Ensure = 'Present'; Key = 'HKEY_LOCAL_MACHINE\System\CurrentControlSet\Services\W32Time\TimeProviders\NtpClient'; ValueName = 'Enabled'; ValueType = 'Dword'; ValueData = '1'}<splitrule>HardCodedRule(RegistryRule)@{DscResource = 'Registry'; Ensure = 'Present'; Key = 'HKEY_LOCAL_MACHINE\System\CurrentControlSet\Services\W32Time\TimeProviders\NtpClient'; ValueName = 'Type'; ValueType = 'String'; ValueData = $null; OrganizationValueTestString = "'{0}' -match '^(NoSync|NTP|NT5DS|AllSync)$'"}
V-226289::*::HardCodedRule(RegistryRule)@{DscResource = 'Registry'; Ensure = 'Present'; Key = 'HKEY_LOCAL_MACHINE\Software\Microsoft\Windows\CurrentVersion\Policies\System'; ValueName = 'LegalNoticeCaption'; ValueType = 'String'; ValueData = $null; OrganizationValueTestString = "'{0}' -match '^(DoD Notice and Consent Banner|US Department of Defense Warning Statement)$'"}
V-226288::assistants.  Such communications and work product are private and confidential.  See::assistants. Such communications and work product are private and confidential. See
