V-235719::*::HardCodedRule(RegistryRule)@{DscResource = 'RegistryPolicyFile'; Ensure = 'Present'; Key = 'HKEY_LOCAL_MACHINE\SOFTWARE\Policies\Microsoft\Edge'; ValueData = $null; ValueName = 'ProxySettings'; ValueType = 'String'; OrganizationValueTestString = "{0} is reviewed for needed configuration settings "}
V-235720::*::HardCodedRule(RegistryRule)@{DscResource = 'RegistryPolicyFile'; Ensure = 'Present'; Key = 'HKEY_LOCAL_MACHINE\SOFTWARE\Policies\Microsoft\Edge'; ValueData = 1; ValueName = 'PreventSmartScreenPromptOverride'; ValueType = 'Dword'}
V-235721::*::HardCodedRule(RegistryRule)@{DscResource = 'RegistryPolicyFile'; Ensure = 'Present'; Key = 'HKEY_LOCAL_MACHINE\SOFTWARE\Policies\Microsoft\Edge'; ValueData = 1; ValueName = 'PreventSmartScreenPromptOverrideForFiles'; ValueType = 'Dword'}
V-235726::*::HardCodedRule(RegistryRule)@{DscResource = 'RegistryPolicyFile'; Ensure = 'Present'; Key = 'HKEY_LOCAL_MACHINE\SOFTWARE\Policies\Microsoft\Edge'; ValueData = $null; ValueName = 'ManagedSearchEngines'; ValueType = 'String'; OrganizationValueTestString = 'all of the search URLs in the list begin with "https" '}
V-235752::*::HardCodedRule(RegistryRule)@{DscResource = 'RegistryPolicyFile'; Ensure = 'Present'; Key = 'HKEY_LOCAL_MACHINE\SOFTWARE\Policies\Microsoft\Edge'; ValueData = $null; ValueName = 'DownloadRestrictions'; ValueType = 'Dword'; OrganizationValueTestString = '{0} is 1 or 2 '}
V-235754::*::HardCodedRule(RegistryRule)@{DscResource = 'RegistryPolicyFile'; Ensure = 'Present'; Key = 'HKEY_LOCAL_MACHINE\SOFTWARE\Policies\Microsoft\Edge\ExtensionInstallBlocklist'; ValueData = '*'; ValueName = '1'; ValueType = 'String'}
V-235759::*::HardCodedRule(RegistryRule)@{DscResource = 'RegistryPolicyFile'; Ensure = 'Present'; Key = 'HKEY_LOCAL_MACHINE\SOFTWARE\Policies\Microsoft\Edge'; ValueData = 'tls1.2'; ValueName = 'SSLVersionMin'; ValueType = 'String'}
V-235761::*::HardCodedRule(RegistryRule)@{DscResource = 'RegistryPolicyFile'; Ensure = 'Present'; Key = 'HKEY_LOCAL_MACHINE\SOFTWARE\Policies\Microsoft\Edge'; ValueData = 'ntlm,negotiate'; ValueName = 'AuthSchemes'; ValueType = 'String'}
V-235763::*::HardCodedRule(RegistryRule)@{DscResource = 'RegistryPolicyFile'; Ensure = 'Present'; Key = 'HKEY_LOCAL_MACHINE\SOFTWARE\Policies\Microsoft\Edge'; ValueData = 1; ValueName = 'SmartScreenEnabled'; ValueType = 'Dword'}
V-235764::*::HardCodedRule(RegistryRule)@{DscResource = 'RegistryPolicyFile'; Ensure = 'Present'; Key = 'HKEY_LOCAL_MACHINE\SOFTWARE\Policies\Microsoft\Edge'; ValueData = 1; ValueName = 'SmartScreenPuaEnabled'; ValueType = 'Dword'}
V-235766::*::HardCodedRule(RegistryRule)@{DscResource = 'RegistryPolicyFile'; Ensure = 'Present'; Key = 'HKEY_LOCAL_MACHINE\SOFTWARE\Policies\Microsoft\Edge'; ValueData = $null; ValueName = 'TrackingPrevention'; ValueType = 'Dword'; OrganizationValueTestString = '{0} is 2 or 3 '}
V-235768::*::HardCodedRule(RegistryRule)@{DscResource = 'RegistryPolicyFile'; Ensure = 'Present'; Key = 'HKEY_LOCAL_MACHINE\SOFTWARE\Policies\Microsoft\Edge'; ValueData = 0; ValueName = 'AlternateErrorPagesEnabled'; ValueType = 'Dword'}
V-235724::HKLM\SOFTWARE\Policies\Microsoft\Edge\Recommended::HKLM\SOFTWARE\Policies\Microsoft\Edge
V-235725::DefaultPopupsSetting::"DefaultPopupsSetting"
V-235727::HKLM\SOFTWARE\Policies\Microsoft\Edge\Recommended::HKLM\SOFTWARE\Policies\Microsoft\Edge
V-235728::HKLM\SOFTWARE\Policies\Microsoft\Edge\Recommended::HKLM\SOFTWARE\Policies\Microsoft\Edge
V-235728::NetworkPredictionOptions::"NetworkPredictionOptions"
V-235729::HKLM\SOFTWARE\Policies\Microsoft\Edge\Recommended::HKLM\SOFTWARE\Policies\Microsoft\Edge
V-235767::PaymentMethodQueryEnabled::"PaymentMethodQueryEnabled"
V-235769::UserFeedbackAllowed::"UserFeedbackAllowed"
V-251694::*::HardCodedRule(ManualRule)@{DscResource = 'None'}
