V-205664::*::''
V-205739::*::''
V-205740::Administrators - Special - This folder only (Special = Basic Permissions: all selected except Full control)::Administrators - all selected except Full control - This folder only
V-205740::execute-::execute -
V-205740::(RX) - Read & execute::''
V-205756::- Administrators::- Administrators`r`nSystems that have the Hyper-V role will also have "Virtual Machines" given this user right (this may be displayed as "NT Virtual Machine\Virtual Machines", SID S-1-5-83-0). This is not a finding.
V-205639::\SOFTWARE\ Policies\Microsoft\Windows\PowerShell\ScriptBlockLogging\::\SOFTWARE\Policies\Microsoft\Windows\PowerShell\ScriptBlockLogging\
V-205820::*::HardCodedRule(SecurityOptionRule)@{DscResource = 'SecurityOption'; OptionName = 'Domain_controller_LDAP_server_signing_requirements'; OptionValue = 'Require Signing'}
V-205850::*::HardCodedRule(ServiceRule)@{DscResource = 'Service'; Ensure = 'Present'; ServiceName = $null; ServiceState = 'Running'; StartupType = $null; OrganizationValueTestString = 'ServiceName/StartupType is populated with correct AntiVirus service information'}
V-205869::0x00000000 (0) (Security), 0x00000001 (1) (Basic)::0 or 1
V-205870::0x00000000 (0) - No peering (HTTP Only)::0, 1, 2, 99 or 100
V-205871::0x00000000 (0) (or if the Value Name does not exist)::0
V-205872::0x00000000 (0) (or if the Value Name does not exist)::0
V-205874::0x00000000 (0) (or if the Value Name does not exist)::0
V-205924::0x00000002 (2) (or if the Value Name does not exist)::2
V-205693::0x00000000 (0) (or if the Value Name does not exist)::0
V-205662::*::HardCodedRule(AccountPolicyRule)@{DscResource = 'AccountPolicy'; PolicyName = 'Minimum password length'; PolicyValue = $null; OrganizationValueTestString = "'{0}' -ge '14'"}
V-205717::0x00000002 (2) (Prompt for consent on the secure desktop)::1 or 2
V-205830::0x00000000 (0) (or if the Value Name does not exist)::0
V-214936::*::HardCodedRule(ServiceRule)@{DscResource = 'Service'; Ensure = 'Present'; ServiceName = $null; ServiceState = 'Running'; StartupType = $null; OrganizationValueTestString = 'ServiceName/StartupType is populated with correct Firewall service information'}
