V-224834::\Windows::C:\Windows
V-224872::"Minimum password length,"::"Minimum password length"
V-224970::*::''
V-224971::The following results should be displayed:::C:\Windows\SYSVOL
V-224971::NT AUTHORITY\Authenticated Users:(RX)::Type - "Allow" for all
V-224971::NT AUTHORITY\Authenticated Users:(OI)(CI)(IO)(GR,GE)::Inherited from - "None" for all
V-224971::BUILTIN\Server Operators:(RX)::Principal - Access - Applies to
V-224971::BUILTIN\Server Operators:(OI)(CI)(IO)(GR,GE)::Authenticated Users - Read & execute - This folder, subfolder, and files
V-224971::BUILTIN\Administrators:(M,WDAC,WO)::''
V-224971::BUILTIN\Administrators:(OI)(CI)(IO)(F)::Server Operators - Read & execute - This folder, subfolder, and files
V-224971::NT AUTHORITY\SYSTEM:(F)::Administrators - all selected except Full control - This folder only
V-224971::NT AUTHORITY\SYSTEM:(OI)(CI)(IO)(F)::CREATOR OWNER - Full control - Subfolders and files only
V-224971::CREATOR OWNER:(OI)(CI)(IO)(F)::Administrators - Full control - Subfolders and files only
V-224971::(RX) - Read & execute::SYSTEM - Full control - This folder, subfolders, and files
V-224921::Value: RequireMutualAuthentication=1, RequireIntegrity=1::Value: RequireMutualAuthentication=1,RequireIntegrity=1
V-224924::Value: 0x00000001 (1), 0x00000003 (3), or 0x00000008 (8) (or if the Value Name does not exist)::Value: 0x00000001 (1) or 0x00000003 (3) or 0x00000008 (8) (or if the Value Name does not exist)
V-224957::Registry Path: \SOFTWARE\ Policies\Microsoft\Windows\PowerShell\ScriptBlockLogging\::Registry Path: \SOFTWARE\Policies\Microsoft\Windows\PowerShell\ScriptBlockLogging\
V-224936::Value: 0x00000000 (0) (Security), 0x00000001 (1) (Basic)::Value: 0x00000000 (0) (Security) or 0x00000001 (1) (Basic)
V-225063::Value: 0x00000002 (2) (Prompt for consent on the secure desktop)::Value: 1 or 2
V-225079::Passwords for application accounts with this user right must be protected as highly privileged accounts.::""
V-225037::*::HardCodedRule(RegistryRule)@{DscResource = 'Registry'; Ensure = 'Present'; Key = 'HKEY_LOCAL_MACHINE\SOFTWARE\Microsoft\Windows\CurrentVersion\Policies\System'; ValueName = 'LegalNoticeCaption'; ValueType = 'String'; ValueData = $null; OrganizationValueTestString = "'{0}' -match '^(DoD Notice and Consent Banner|US Department of Defense Warning Statement)$'"}
