V-204399::*::HardCodedRule(nxFileRule)@{DscResource = 'nxFile'; Contents = '/org/gnome/desktop/screensaver/lock-delay'; FilePath = '/etc/dconf/db/local.d/locks/session'}<splitRule>HardCodedRule(nxFileLineRule)@{DscResource = 'nxFileLine'; ContainsLine = '/org/gnome/desktop/screensaver/lock-delay'; DoesNotContainPattern = '#\s*/org/gnome/desktop/screensaver/lock-delay'; FilePath = '/etc/dconf/db/local.d/locks/session'}
V-204400::*::HardCodedRule(nxFileLineRule)@{DscResource = 'nxFileLine'; ContainsLine = '/org/gnome/desktop/session/idle-delay'; DoesNotContainPattern = '#\s*/org/gnome/desktop/session/idle-delay'; FilePath = '/etc/dconf/db/local.d/locks/session'}
V-204403::*::HardCodedRule(nxFileLineRule)@{DscResource = 'nxFileLine'; ContainsLine = '/org/gnome/desktop/screensaver/idle-activation-enabled'; DoesNotContainPattern = '#\s*/org/gnome/desktop/screensaver/idle-activation-enabled'; FilePath = '/etc/dconf/db/local.d/locks/session'}
V-204424::*::HardCodedRule(nxFileLineRule)@{DscResource = 'nxFileLine'; ContainsLine = $null; DoesNotContainPattern = $null; FilePath = '/etc/pam.d/password-auth'; OrganizationValueTestString = 'rule V-204424 is reviewed for guidence on configurating ContainsLine/DoesNotContainPattern '}<splitRule>HardCodedRule(nxFileLineRule)@{DscResource = 'nxFileLine'; ContainsLine = $null; DoesNotContainPattern = $null; FilePath = '/etc/pam.d/system-auth'; OrganizationValueTestString = 'rule V-204424 is reviewed for guidence on configurating ContainsLine/DoesNotContainPattern '}
V-204449::*::HardCodedRule(nxFileRule)@{DscResource = 'nxFile'; Contents = '# Generated via PowerSTIG'; FilePath = '/etc/modprobe.d/usb-storage.conf'}<splitRule>HardCodedRule(nxFileRule)@{DscResource = 'nxFile'; Contents = '# Generated via PowerSTIG'; FilePath = '/etc/modprobe.d/blacklist.conf'}<splitRule>HardCodedRule(nxFileLineRule)@{DscResource = 'nxFileLine'; ContainsLine = 'install usb-storage /bin/true'; DoesNotContainPattern = '#\s*install\s*usb-storage\s*/bin/true'; FilePath = '/etc/modprobe.d/usb-storage.conf'}<splitRule>HardCodedRule(nxFileLineRule)@{DscResource = 'nxFileLine'; ContainsLine = 'blacklist usb-storage'; DoesNotContainPattern = '#\s*blacklist\s*usb-storage'; FilePath = '/etc/modprobe.d/blacklist.conf'}
V-204450::*::HardCodedRule(nxFileRule)@{DscResource = 'nxFile'; Contents = '# Generated via PowerSTIG'; FilePath = '/etc/modprobe.d/dccp.conf'}<splitRule>HardCodedRule(nxFileLineRule)@{DscResource = 'nxFileLine'; ContainsLine = 'install dccp /bin/true'; DoesNotContainPattern = '#\s*install\s*dccp\s*/bin/true'; FilePath = '/etc/modprobe.d/dccp.conf'}<splitRule>HardCodedRule(nxFileLineRule)@{DscResource = 'nxFileLine'; ContainsLine = 'blacklist dccp'; DoesNotContainPattern = '#\s*blacklist\s*dccp'; FilePath = '/etc/modprobe.d/blacklist.conf'}
V-204454::SELINUXTYPE = targeted::SELINUXTYPE=targeted
V-204453::*::HardCodedRule(nxFileLineRule)@{DscResource = 'nxFileLine'; ContainsLine = 'SELINUX=enforcing'; DoesNotContainPattern = '^#\s*SELINUX.*$|^SELINUX\s*=\s*(?!enforcing)\w*$'; FilePath = '/etc/selinux/config'}
V-204492::*::HardCodedRule(nxServiceRule)@{DscResource = 'nxService'; Enabled = $false; Name = 'kdump'}
V-204513::*::HardCodedRule(nxFileLineRule)@{DscResource = 'nxFileLine'; ContainsLine = $null; DoesNotContainPattern = $null; FilePath = '/etc/audit/auditd.conf'; OrganizationValueTestString = 'the value of the "space_left" keyword is not set to 25 percent of the total partition size'}
V-204549::*::HardCodedRule(nxFileLineRule)@{DscResource = 'nxFileLine'; ContainsLine = '-w /etc/sudoers -p wa -k privileged-actions'; DoesNotContainPattern = '#\s*-w /etc/sudoers -p wa -k privileged-actions'; FilePath = '/etc/audit/rules.d/audit.rules'}<splitRule>HardCodedRule(nxFileLineRule)@{DscResource = 'nxFileLine'; ContainsLine = '-w /etc/sudoers.d/ -p wa -k privileged-actions'; DoesNotContainPattern = '#\s*-w /etc/sudoers.d/ -p wa -k privileged-actions'; FilePath = '/etc/audit/rules.d/audit.rules'}
V-204580::*::HardCodedRule(nxFileLineRule)@{DscResource = 'nxFileLine'; ContainsLine = 'banner /etc/issue'; DoesNotContainPattern = '#\s*banner\s*/etc/issue'; FilePath = '/etc/ssh/sshd_config'}
V-204594::*::HardCodedRule(nxFileLineRule)@{DscResource = 'nxFileLine'; ContainsLine = 'Protocol 2'; DoesNotContainPattern = '^#\s*Protocol.*$|^Protocol\s*(?!2\b)\w*$'; FilePath = '/etc/ssh/sshd_config'}
V-204405::# cat /etc/pam.d/passwd | grep -i substack | grep -i system-auth::# grep /etc/pam.d/passwd
V-204497::*::HardCodedRule(nxPackageRule)@{DscResource = 'nxPackage'; Ensure = 'Present'; Name = 'dracut-fips'}
V-204498::*::HardCodedRule(nxPackageRule)@{DscResource = 'nxPackage'; Ensure = 'Present'; Name = 'aide'}
V-204504::*::HardCodedRule(nxFileLineRule)@{DscResource = 'nxFileLine'; ContainsLine = '-f 2'; DoesNotContainPattern = '^#\s*-f\s+2|^\s*-f\s*1'; FilePath = '/etc/audit/rules.d/audit.rules'}
V-204506::*::HardCodedRule(nxFileLineRule)@{DscResource = 'nxFileLine'; ContainsLine = 'active = yes'; DoesNotContainPattern = '\s*active\s*=\s*no|active=yes|#\s*active\s*=.*'; FilePath = '/etc/audisp/plugins.d/au-remote.conf'}<splitRule>HardCodedRule(nxFileLineRule)@{DscResource = 'nxFileLine'; ContainsLine = 'direction = out'; DoesNotContainPattern = '#\s*direction\s*=\s*out'; FilePath = '/etc/audisp/plugins.d/au-remote.conf'}<splitRule>HardCodedRule(nxFileLineRule)@{DscResource = 'nxFileLine'; ContainsLine = 'path = /sbin/audisp-remote'; DoesNotContainPattern = '#\s*path\s*=\s*/sbin/audisp-remote'; FilePath = '/etc/audisp/plugins.d/au-remote.conf'}<splitRule>HardCodedRule(nxFileLineRule)@{DscResource = 'nxFileLine'; ContainsLine = 'type = always'; DoesNotContainPattern = '#\s*type\s*=\s*always'; FilePath = '/etc/audisp/plugins.d/au-remote.conf'}
V-204509::*::HardCodedRule(nxFileLineRule)@{DscResource = 'nxFileLine'; ContainsLine = $null; DoesNotContainPattern = $null; FilePath = '/etc/audisp/audisp-remote.conf'; OrganizationValueTestString = 'the IP address of the log aggregation server is defined; i.e.: remote_server = <IPAddress> '}
V-204511::*::HardCodedRule(nxFileLineRule)@{DscResource = 'nxFileLine'; ContainsLine = $null; DoesNotContainPattern = $null; FilePath = '/etc/audisp/audisp-remote.conf'; OrganizationValueTestString = 'the value of the "disk_full_action" option is set to "SYSLOG", "SINGLE", or "HALT"; i.e.: "disk_full_action = single" '}
V-204512::*::HardCodedRule(nxFileLineRule)@{DscResource = 'nxFileLine'; ContainsLine = $null; DoesNotContainPattern = $null; FilePath = '/etc/audisp/audisp-remote.conf'; OrganizationValueTestString = 'the "network_failure_action" option is set to "SYSLOG", "SINGLE", or "HALT"; i.e.: "network_failure_action = syslog" '}
V-204515::*::HardCodedRule(nxFileLineRule)@{DscResource = 'nxFileLine'; ContainsLine = $null; DoesNotContainPattern = $null; FilePath = '/etc/audit/auditd.conf'; OrganizationValueTestString = 'the value of the "action_mail_acct" keyword is set to "root" and/or other accounts for security personnel; i.e.: "action_mail_acct = root" '}
V-204576::*::HardCodedRule(nxFileRule)@{DscResource = 'nxFile'; Contents = $null; FilePath = '/etc/security/limits.d/204576-powerstig.conf'; OrganizationValueTestString = 'the "maxlogins" value is set to "10" or less '}
V-204584::*::HardCodedRule(nxFileRule)@{DscResource = 'nxFile'; Contents = 'kernel.randomize_va_space = 2'; FilePath = '/etc/sysctl.d/204584-powerstig.conf'}
V-204609::*::HardCodedRule(nxFileRule)@{DscResource = 'nxFile'; Contents = 'net.ipv4.conf.all.accept_source_route = 0'; FilePath = '/etc/sysctl.d/204609-powerstig.conf'}
V-204612::*::HardCodedRule(nxFileRule)@{DscResource = 'nxFile'; Contents = 'net.ipv4.conf.default.accept_source_route = 0'; FilePath = '/etc/sysctl.d/204612-powerstig.conf'}
V-204613::*::HardCodedRule(nxFileRule)@{DscResource = 'nxFile'; Contents = 'net.ipv4.icmp_echo_ignore_broadcasts = 1'; FilePath = '/etc/sysctl.d/204613-powerstig.conf'}
V-204614::*::HardCodedRule(nxFileRule)@{DscResource = 'nxFile'; Contents = 'net.ipv4.conf.default.accept_redirects = 0'; FilePath = '/etc/sysctl.d/204614-powerstig.conf'}
V-204615::*::HardCodedRule(nxFileRule)@{DscResource = 'nxFile'; Contents = 'net.ipv4.conf.all.accept_redirects = 0'; FilePath = '/etc/sysctl.d/204615-powerstig.conf'}
V-204616::*::HardCodedRule(nxFileRule)@{DscResource = 'nxFile'; Contents = 'net.ipv4.conf.default.send_redirects = 0'; FilePath = '/etc/sysctl.d/204616-powerstig.conf'}
V-204617::*::HardCodedRule(nxFileRule)@{DscResource = 'nxFile'; Contents = 'net.ipv4.conf.all.send_redirects = 0'; FilePath = '/etc/sysctl.d/204617-powerstig.conf'}
V-204625::*::HardCodedRule(nxFileRule)@{DscResource = 'nxFile'; Contents = 'net.ipv4.ip_forward = 0'; FilePath = '/etc/sysctl.d/204625-powerstig.conf'}
V-204630::*::HardCodedRule(nxFileRule)@{DscResource = 'nxFile'; Contents = 'net.ipv6.conf.all.accept_source_route = 0'; FilePath = '/etc/sysctl.d/204630-powerstig.conf'}
