V-230354::*::HardCodedRule(nxFileRule)@{DscResource = 'nxFile'; Contents = '/org/gnome/desktop/screensaver/lock-delay'; FilePath = '/etc/dconf/db/local.d/locks/session'}<splitRule>HardCodedRule(nxFileLineRule)@{DscResource = 'nxFileLine'; ContainsLine = '/org/gnome/desktop/screensaver/lock-delay'; DoesNotContainPattern = '#\s*/org/gnome/desktop/screensaver/lock-delay'; FilePath = '/etc/dconf/db/local.d/locks/session'}
V-244538::*::HardCodedRule(nxFileLineRule)@{DscResource = 'nxFileLine'; ContainsLine = '/org/gnome/desktop/session/idle-delay'; DoesNotContainPattern = '#\s*/org/gnome/desktop/session/idle-delay'; FilePath = '/etc/dconf/db/local.d/locks/session'}
V-230360::*::HardCodedRule(nxFileLineRule)@{DscResource = 'nxFileLine'; ContainsLine = $null; DoesNotContainPattern = $null; FilePath = '/etc/security/pwquality.conf'; OrganizationValueTestString = 'the following statement is true when leveraging the correct nxFileLine ContainsLine format: If the value of "maxclassrepeat" is set to "0", more than "4" or is commented out, this is a finding.'}
V-244541::*::HardCodedRule(nxFileLineRule)@{DscResource = 'nxFileLine'; ContainsLine = $null; DoesNotContainPattern = $null; FilePath = '/etc/pam.d/password-auth'; OrganizationValueTestString = 'rule V-204424 is reviewed for guidence on configurating ContainsLine/DoesNotContainPattern '}<splitRule>HardCodedRule(nxFileLineRule)@{DscResource = 'nxFileLine'; ContainsLine = $null; DoesNotContainPattern = $null; FilePath = '/etc/pam.d/system-auth'; OrganizationValueTestString = 'rule V-204424 is reviewed for guidence on configurating ContainsLine/DoesNotContainPattern '}
V-230503::*::HardCodedRule(nxFileRule)@{DscResource = 'nxFile'; FilePath = '/etc/modprobe.d/usb-storage.conf'}<splitRule>HardCodedRule(nxFileRule)@{DscResource = 'nxFile'; FilePath = '/etc/modprobe.d/blacklist.conf'}<splitRule>HardCodedRule(nxFileLineRule)@{DscResource = 'nxFileLine'; ContainsLine = 'install usb-storage /bin/true'; DoesNotContainPattern = '#\s*install\s*usb-storage\s*/bin/true'; FilePath = '/etc/modprobe.d/usb-storage.conf'}<splitRule>HardCodedRule(nxFileLineRule)@{DscResource = 'nxFileLine'; ContainsLine = 'blacklist usb-storage'; DoesNotContainPattern = '#\s*blacklist\s*usb-storage'; FilePath = '/etc/modprobe.d/blacklist.conf'}
V-230282::SELINUXTYPE = targeted::SELINUXTYPE=targeted
V-230240::*::HardCodedRule(nxFileLineRule)@{DscResource = 'nxFileLine'; ContainsLine = 'SELINUX=enforcing'; DoesNotContainPattern = '^#\s*SELINUX.*$|^SELINUX\s*=\s*(?!enforcing)\w*$'; FilePath = '/etc/selinux/config'}
V-230310::*::HardCodedRule(nxServiceRule)@{DscResource = 'nxService'; Enabled = $false; Name = 'kdump'}
V-230483::*::HardCodedRule(nxFileLineRule)@{DscResource = 'nxFileLine'; ContainsLine = $null; DoesNotContainPattern = $null; FilePath = '/etc/audit/auditd.conf'; OrganizationValueTestString = 'the value of the "space_left" keyword is not set to 25 percent of the total partition size'}
V-230225::*::HardCodedRule(nxFileLineRule)@{DscResource = 'nxFileLine'; ContainsLine = 'banner /etc/issue'; DoesNotContainPattern = '#\s*banner\s*/etc/issue'; FilePath = '/etc/ssh/sshd_config'}
V-230552::*::HardCodedRule(nxPackageRule)@{DscResource = 'nxPackage'; Ensure = 'Present'; Name = 'aide'}
V-230392::*::HardCodedRule(nxFileLineRule)@{DscResource = 'nxFileLine'; ContainsLine = $null; DoesNotContainPattern = $null; FilePath = '/etc/audit/auditd.conf'; OrganizationValueTestString = 'the value of the "disk_full_action" option is set to "SYSLOG", "SINGLE", or "HALT"; i.e.: "disk_full_action = single" '}
V-230388::*::HardCodedRule(nxFileLineRule)@{DscResource = 'nxFileLine'; ContainsLine = $null; DoesNotContainPattern = $null; FilePath = '/etc/audit/auditd.conf'; OrganizationValueTestString = 'the value of the "action_mail_acct" keyword is set to "root" and/or other accounts for security personnel; i.e.: "action_mail_acct = root" '}
V-230346::*::HardCodedRule(nxFileRule)@{DscResource = 'nxFile'; Contents = $null; FilePath = '/etc/security/limits.d/204576-powerstig.conf'; OrganizationValueTestString = 'the "maxlogins" value is set to "10" or less '}
V-230280::*::HardCodedRule(nxFileRule)@{DscResource = 'nxFile'; Contents = 'kernel.randomize_va_space = 2'; FilePath = '/etc/sysctl.d/204584-powerstig.conf'}
V-244551::*::HardCodedRule(nxFileRule)@{DscResource = 'nxFile'; Contents = 'net.ipv4.conf.all.accept_source_route = 0'; FilePath = '/etc/sysctl.d/204609-powerstig.conf'}
V-230549::*::HardCodedRule(nxFileRule)@{DscResource = 'nxFile'; Contents = 'net.ipv4.conf.all.rp_filter = 1'; FilePath = '/etc/sysctl.d/204610-powerstig.conf'}
V-244552::*::HardCodedRule(nxFileRule)@{DscResource = 'nxFile'; Contents = 'net.ipv4.conf.default.accept_source_route = 0'; FilePath = '/etc/sysctl.d/204612-powerstig.conf'}
V-230537::*::HardCodedRule(nxFileRule)@{DscResource = 'nxFile'; Contents = 'net.ipv4.icmp_echo_ignore_broadcasts = 1'; FilePath = '/etc/sysctl.d/204613-powerstig.conf'}
V-244550::*::HardCodedRule(nxFileRule)@{DscResource = 'nxFile'; Contents = 'net.ipv4.conf.default.accept_redirects = 0'; FilePath = '/etc/sysctl.d/204614-powerstig.conf'}
V-244553::*::HardCodedRule(nxFileRule)@{DscResource = 'nxFile'; Contents = 'net.ipv4.conf.all.accept_redirects = 0'; FilePath = '/etc/sysctl.d/204615-powerstig.conf'}
V-230543::*::HardCodedRule(nxFileRule)@{DscResource = 'nxFile'; Contents = 'net.ipv4.conf.default.send_redirects = 0'; FilePath = '/etc/sysctl.d/204616-powerstig.conf'}
V-230536::*::HardCodedRule(nxFileRule)@{DscResource = 'nxFile'; Contents = 'net.ipv4.conf.all.send_redirects = 0'; FilePath = '/etc/sysctl.d/204617-powerstig.conf'}
V-230538::*::HardCodedRule(nxFileRule)@{DscResource = 'nxFile'; Contents = 'net.ipv6.conf.all.accept_source_route = 0'; FilePath = '/etc/sysctl.d/204630-powerstig.conf'}
V-237642::*::HardCodedRule(nxFileRule)@{DscResource = 'nxFile'; Contents = 'Defaults !targetpw'; FilePath = '/etc/sudoers.d/237634a-powerstig.conf'}<splitRule>HardCodedRule(nxFileRule)@{DscResource = 'nxFile'; Contents = 'Defaults !rootpw'; FilePath = '/etc/sudoers.d/237634b-powerstig.conf'}<splitRule>HardCodedRule(nxFileRule)@{DscResource = 'nxFile'; Contents = 'Defaults !runaspw'; FilePath = '/etc/sudoers.d/237634c-powerstig.conf'}
V-237643::*::HardCodedRule(nxFileRule)@{DscResource = 'nxFile'; Contents = $null; FilePath = '/etc/sudoers.d/237635-powerstig.conf'; OrganizationValueTestString = 'the "Defaults timestamp_timeout=[value]" must be a number that is greater than or equal to "0" '}
V-244522::*::HardCodedRule(nxFileLineRule)@{DscResource = 'nxFileLine'; ContainsLine = $null; DoesNotContainPattern = $null; FilePath = '/boot/grub2/grub.cfg'; OrganizationValueTestString = '"set superusers =" is set to a unique name in /boot/grub2/grub.cfg'}
V-244521::*::HardCodedRule(nxFileLineRule)@{DscResource = 'nxFileLine'; ContainsLine = $null; DoesNotContainPattern = $null; FilePath = '/boot/efi/EFI/redhat/grub.cfg'; OrganizationValueTestString = '"set superusers =" is set to a unique name in /boot/efi/EFI/redhat/grub.cfg'}
V-230270::*::.
V-230311::*::.
V-230357::*::.
V-230358::*::.
V-230359::*::.
V-230361::*::.
V-230362::*::.
V-230363::*::.
V-230375::*::.
V-230377::*::.
V-230389::*::.
V-230479::*::.
V-230482::*::.
V-230535::*::.
V-230539::*::.
V-230540::*::.
V-230541::*::.
V-230542::*::.
V-230544::*::.
V-230545::*::.
V-230546::*::.
V-230547::*::.
V-230548::*::.
V-244553::*::.
V-244554::*::.
V-250317::*::.
V-251712::*::.
V-230401::*::.
V-230472::*::.
V-230266::*::.
V-230267::*::.
V-230268::*::.
V-230269::*::.