V-223293::If the value for allow user locations::If the value for "allow user locations"
V-223360::If the value allowuserstolowerattachments::If the value for allowuserstolowerattachments
V-223288::*::HardCodedRule(RegistryRule)@{DscResource = 'RegistryPolicyFile'; Ensure = 'Absent'; Key = 'HKEY_CURRENT_USER\Software\Policies\Microsoft\Office\16.0\Common\Security'; ValueName = 'UFIControls'; ValueType = 'String'}
V-223291::If the value defaultencryption12::If the value for defaultencryption12
V-223291::*::HardCodedRule(RegistryRule)@{DscResource = 'RegistryPolicyFile'; Key = 'HKEY_CURRENT_USER\Software\Policies\Microsoft\Office\16.0\Common\Security'; ValueName = 'defaultencryption12'; ValueType = 'String'; ValueData = "Microsoft Enhanced RSA and AES Cryptographic Provider,AES 256,256"}
V-223292::*::HardCodedRule(RegistryRule)@{DscResource = 'RegistryPolicyFile'; Key = 'HKEY_CURRENT_USER\Software\Policies\Microsoft\Office\16.0\Common\Security'; ValueName = 'OpenXMLEncryption'; ValueType = 'String'; ValueData = "Microsoft Enhanced RSA and AES Cryptographic Provider,AES 256,256"}
V-223295::*::HardCodedRule(RegistryRule)@{DscResource = 'RegistryPolicyFile'; Ensure = 'Present'; Key = 'HKEY_CURRENT_USER\keycupoliciesmsvbasecurity'; ValueName = 'LoadControlsInForms' ;ValueType = 'Dword'; ValueData = 1}
V-223354::HKCU\software\policies\ microsoft\office\ 16.0\outlook\options\mail::HKCU\software\policies\microsoft\office\16.0\outlook\options\mail
V-223356::*::HardCodedRule(RegistryRule)@{DscResource = 'RegistryPolicyFile'; Key = 'HKEY_CURRENT_USER\Software\Policies\Microsoft\Office\16.0\Outlook\Security'; ValueData = $null; ValueName = 'minenckey'; ValueType = 'Dword'; OrganizationValueTestString = "{0} is 168 or greator"}
V-223362::*::HardCodedRule(RegistryRule)@{DscResource = 'RegistryPolicyFile'; Ensure = 'Absent'; Key = 'HKEY_CURRENT_USER\Software\Policies\Microsoft\Office\16.0\Outlook\Security'; ValueName = 'FileExtensionsRemoveLevel1' ;ValueType = 'Dword'}
V-223363::*::HardCodedRule(RegistryRule)@{DscResource = 'RegistryPolicyFile'; Ensure = 'Absent'; Key = 'HKEY_CURRENT_USER\Software\Policies\Microsoft\Office\16.0\Outlook\Security'; ValueName = 'FileExtensionsRemoveLevel2' ;ValueType = 'Dword'}
V-223378::*::HardCodedRule(RegistryRule)@{DscResource = 'RegistryPolicyFile'; Key = 'HKEY_CURRENT_USER\Software\Policies\Microsoft\Office\16.0\Outlook\Security'; ValueData = $null; ValueName = 'runprograms'; ValueType = 'Dword'; OrganizationValueTestString = "{0} is 0|DoesNotExist"}
V-223381::*::HardCodedRule(RegistryRule)@{DscResource = 'RegistryPolicyFile'; Key = 'HKEY_CURRENT_USER\Software\Policies\Microsoft\Office\16.0\PowerPoint\Security'; ValueData = $null; ValueName = 'PowerPointBypassEncryptedMacroScan'; ValueType = 'Dword'; OrganizationValueTestString = "{0} is 0|DoesNotExist"}
V-223404::*::HardCodedRule(RegistryRule)@{DscResource = 'RegistryPolicyFile'; Key = 'HKEY_CURRENT_USER\Software\Policies\Microsoft\Office\16.0\Word\Security\FileValidation'; ValueData = "1"; ValueName = 'openinprotectedview'; ValueType = 'Dword'}<splitrule>HardCodedRule(RegistryRule)@{DscResource = 'RegistryPolicyFile'; Key = 'HKEY_CURRENT_USER\Software\Policies\Microsoft\Office\16.0\Word\Security\FileValidation'; ValueData = "1"; ValueName = 'DisableEditFromPV'; ValueType = 'Dword'}
V-223403::*::HardCodedRule(RegistryRule)@{DscResource = 'RegistryPolicyFile'; Key = 'HKEY_CURRENT_USER\Software\Policies\Microsoft\Office\16.0\Word\Security\ProtectedView'; ValueData = $null; ValueName = 'DisableUnsafeLocationsInPV'; ValueType = 'Dword'; OrganizationValueTestString = "{0} is 0|DoesNotExist"}
V-223402::*::HardCodedRule(RegistryRule)@{DscResource = 'RegistryPolicyFile'; Key = 'HKEY_CURRENT_USER\Software\Policies\Microsoft\Office\16.0\Word\Security\ProtectedView'; ValueData = $null; ValueName = 'DisableInternetFilesInPV'; ValueType = 'Dword'; OrganizationValueTestString = "{0} is 0|DoesNotExist"}
V-223401::*::HardCodedRule(RegistryRule)@{DscResource = 'RegistryPolicyFile'; Key = 'HKEY_CURRENT_USER\Software\Policies\Microsoft\Office\16.0\Word\Security'; ValueData = $null; ValueName = 'WordBypassEncryptedMacroScan'; ValueType = 'Dword'; OrganizationValueTestString = "{0} is 0|DoesNotExist"}
V-223388::*::HardCodedRule(RegistryRule)@{DscResource = 'RegistryPolicyFile'; Key = 'HKEY_CURRENT_USER\Software\Policies\Microsoft\Office\16.0\PowerPoint\Security\FileValidation'; ValueData = $null; ValueName = 'openinprotectedview'; ValueType = 'Dword';OrganizationValueTestString = "{0} is 1|DoesNotExist"}<splitrule>HardCodedRule(RegistryRule)@{DscResource = 'RegistryPolicyFile'; Key = 'HKEY_CURRENT_USER\Software\Policies\Microsoft\Office\16.0\PowerPoint\Security\FileValidation'; ValueData = "1"; ValueName = 'DisableEditFromPV'; ValueType = 'Dword'}
V-223351::*::HardCodedRule(RegistryRule)@{DscResource = 'RegistryPolicyFile'; Key = 'HKEY_CURRENT_USER\Software\Policies\Microsoft\Office\16.0\Outlook\Options\Mail'; ValueName = 'junkmailprotection'; ValueType = 'String'; ValueData = "High"}
V-223346::*::HardCodedRule(RegistryRule)@{DscResource = 'RegistryPolicyFile'; Key = 'HKEY_CURRENT_USER\Software\Policies\Microsoft\Office\16.0\Outlook\Security'; ValueData = $null; ValueName = 'authenticationservice'; ValueType = 'Dword'; OrganizationValueTestString = "{0} is 16(decimal)|10(hex)"}
V-223342::*::HardCodedRule(RegistryRule)@{DscResource = 'RegistryPolicyFile'; Key = 'HKEY_CURRENT_USER\Software\Policies\Microsoft\Office\16.0\Excel\Security\FileValidation'; ValueData = $null; ValueName = 'openinprotectedview'; ValueType = 'Dword';OrganizationValueTestString = "{0} is 1|DoesNotExist"}<splitrule>HardCodedRule(RegistryRule)@{DscResource = 'RegistryPolicyFile'; Key = 'HKEY_CURRENT_USER\Software\Policies\Microsoft\Office\16.0\Excel\Security\FileValidation'; ValueData = "1"; ValueName = 'DisableEditFromPV'; ValueType = 'Dword'}
V-223341::*::HardCodedRule(RegistryRule)@{DscResource = 'RegistryPolicyFile'; Key = 'HKEY_CURRENT_USER\Software\Policies\Microsoft\Office\16.0\Excel\Security\ProtectedView'; ValueData = $null; ValueName = 'DisableUnsafeLocationsInPV'; ValueType = 'Dword'; OrganizationValueTestString = "{0} is 0|DoesNotExist"}
V-223340::*::HardCodedRule(RegistryRule)@{DscResource = 'RegistryPolicyFile'; Key = 'HKEY_CURRENT_USER\Software\Policies\Microsoft\Office\16.0\Excel\Security\ProtectedView'; ValueData = $null; ValueName = 'DisableInternetFilesInPV'; ValueType = 'Dword'; OrganizationValueTestString = "{0} is 0|DoesNotExist"}
V-223335::*::HardCodedRule(RegistryRule)@{DscResource = 'RegistryPolicyFile'; Key = 'HKEY_CURRENT_USER\Software\Policies\Microsoft\Office\16.0\Excel\Security'; ValueData = $null; ValueName = 'webservicefunctionwarnings'; ValueType = 'Dword'; OrganizationValueTestString = "{0} is 1|DoesNotExist"}
V-223333::*::HardCodedRule(RegistryRule)@{DscResource = 'RegistryPolicyFile'; Key = 'HKEY_CURRENT_USER\Software\Policies\Microsoft\Office\16.0\Excel\Security'; ValueData = $null; ValueName = 'excelbypassencryptiedmacrosscan'; ValueType = 'Dword'; OrganizationValueTestString = "{0} is 1|DoesNotExist"}
V-223332::*::HardCodedRule(RegistryRule)@{DscResource = 'RegistryPolicyFile'; Key = 'HKEY_CURRENT_USER\Software\Policies\Microsoft\Office\16.0\Excel\Security'; ValueData = "1"; ValueName = 'extensionhardening'; ValueType = 'Dword'}
V-223331::*::HardCodedRule(RegistryRule)@{DscResource = 'RegistryPolicyFile'; Key = 'HKEY_CURRENT_USER\Software\Policies\Microsoft\Office\16.0\Excel\Options'; ValueData = "1"; ValueName = 'disableautorepublishwarning'; ValueType = 'Dword'}
V-223282::*::HardCodedRule(RegistryRule)@{DscResource = 'RegistryPolicyFile'; Key = 'HKEY_CURRENT_USER\Software\Policies\Microsoft\Office\16.0\Access\Security'; ValueData = $null; ValueName = 'vbawarnings'; ValueType = 'Dword'; OrganizationValueTestString = "{0} is 2|3|4"}
V-223359::HKCU\software\policies\microsoft\office\16.0\ outlook\security::HKCU\software\policies\microsoft\office\16.0\outlook\security
V-223355::HKCU\software\policies\microsoft\office\16.0\ outlook\security::HKCU\software\policies\microsoft\office\16.0\outlook\security
V-223358::HKCU\software\policies\microsoft\office\16.0\ outlook\security::HKCU\software\policies\microsoft\office\16.0\outlook\security
V-223339::HKCU\software\polices\microsoft\office\16.0\excel\security\protectedview::HKCU\software\policies\microsoft\office\16.0\excel\security\protectedview
V-223338::HKCU\keycuexcelexternalcontent::HKCU\SOFTWARE\Policies\Microsoft\office\16.0\excel\security\external content
