V-223293::If the value for allow user locations::If the value for "allow user locations"
V-223360::If the value allowuserstolowerattachments::If the value for allowuserstolowerattachments
V-223288::*::HardCodedRule(RegistryRule)@{DscResource = 'RegistryPolicyFile'; Ensure = 'Present'; Key = 'HKEY_CURRENT_USER\Software\Policies\Microsoft\Office\16.0\Common\Security';ValueData = $null; ValueName = 'UFIControls'; ValueType = 'Dword'; OrganizationValueTestString = "{0} is 6"}
V-223291::If the value defaultencryption12::If the value for defaultencryption12
V-223291::*::HardCodedRule(RegistryRule)@{DscResource = 'RegistryPolicyFile'; Key = 'HKEY_CURRENT_USER\Software\Policies\Microsoft\Office\16.0\Common\Security'; ValueName = 'defaultencryption12'; ValueType = 'String'; ValueData = "Microsoft Enhanced RSA and AES Cryptographic Provider,AES 256,256"}
V-223292::*::HardCodedRule(RegistryRule)@{DscResource = 'RegistryPolicyFile'; Key = 'HKEY_CURRENT_USER\Software\Policies\Microsoft\Office\16.0\Common\Security'; ValueName = 'OpenXMLEncryption'; ValueType = 'String'; ValueData = "Microsoft Enhanced RSA and AES Cryptographic Provider,AES 256,256"}
V-223295::*::HardCodedRule(RegistryRule)@{DscResource = 'RegistryPolicyFile'; Ensure = 'Present'; Key = 'HKEY_CURRENT_USER\SOFTWARE\Policies\Microsoft\vba\security'; ValueName = 'LoadControlsInForms' ;ValueType = 'Dword'; ValueData = '1'}
V-223354::*::HardCodedRule(RegistryRule)@{DscResource = 'RegistryPolicyFile'; Ensure = 'Present'; Key = 'HKEY_CURRENT_USER\Software\Policies\Microsoft\Office\16.0\Outlook\options\mail'; ValueName = 'Internet' ;ValueType = 'Dword'; ValueData = '0'}
V-223356::*::HardCodedRule(RegistryRule)@{DscResource = 'RegistryPolicyFile'; Key = 'HKEY_CURRENT_USER\Software\Policies\Microsoft\Office\16.0\Outlook\Security'; ValueData = $null; ValueName = 'minenckey'; ValueType = 'Dword'; OrganizationValueTestString = "{0} is 168 or greator"}
V-223362::*::HardCodedRule(RegistryRule)@{DscResource = 'RegistryPolicyFile'; Ensure = 'Absent'; Key = 'HKEY_CURRENT_USER\Software\Policies\Microsoft\Office\16.0\Outlook\Security'; ValueName = 'FileExtensionsRemoveLevel1' ;ValueType = 'Dword'}
V-223363::*::HardCodedRule(RegistryRule)@{DscResource = 'RegistryPolicyFile'; Ensure = 'Absent'; Key = 'HKEY_CURRENT_USER\Software\Policies\Microsoft\Office\16.0\Outlook\Security'; ValueName = 'FileExtensionsRemoveLevel2' ;ValueType = 'Dword'}
V-223378::*::HardCodedRule(RegistryRule)@{DscResource = 'RegistryPolicyFile'; Key = 'HKEY_CURRENT_USER\Software\Policies\Microsoft\Office\16.0\Outlook\Security'; ValueData = $null; ValueName = 'runprograms'; ValueType = 'Dword'; OrganizationValueTestString = "{0} is 0|DoesNotExist"}
V-223381::*::HardCodedRule(RegistryRule)@{DscResource = 'RegistryPolicyFile'; Key = 'HKEY_CURRENT_USER\Software\Policies\Microsoft\Office\16.0\PowerPoint\Security'; ValueData = $null; ValueName = 'PowerPointBypassEncryptedMacroScan'; ValueType = 'Dword'; OrganizationValueTestString = "{0} is 0|DoesNotExist"}
V-223404::*::HardCodedRule(RegistryRule)@{DscResource = 'RegistryPolicyFile'; Key = 'HKEY_CURRENT_USER\Software\Policies\Microsoft\Office\16.0\Word\Security\FileValidation'; ValueData = "1"; ValueName = 'openinprotectedview'; ValueType = 'Dword'}<splitrule>HardCodedRule(RegistryRule)@{DscResource = 'RegistryPolicyFile'; Key = 'HKEY_CURRENT_USER\Software\Policies\Microsoft\Office\16.0\Word\Security\FileValidation'; ValueData = "1"; ValueName = 'DisableEditFromPV'; ValueType = 'Dword'}
V-223403::*::HardCodedRule(RegistryRule)@{DscResource = 'RegistryPolicyFile'; Key = 'HKEY_CURRENT_USER\Software\Policies\Microsoft\Office\16.0\Word\Security\ProtectedView'; ValueData = $null; ValueName = 'DisableUnsafeLocationsInPV'; ValueType = 'Dword'; OrganizationValueTestString = "{0} is 0|DoesNotExist"}
V-223402::*::HardCodedRule(RegistryRule)@{DscResource = 'RegistryPolicyFile'; Key = 'HKEY_CURRENT_USER\Software\Policies\Microsoft\Office\16.0\Word\Security\ProtectedView'; ValueData = $null; ValueName = 'DisableInternetFilesInPV'; ValueType = 'Dword'; OrganizationValueTestString = "{0} is 0|DoesNotExist"}
V-223401::*::HardCodedRule(RegistryRule)@{DscResource = 'RegistryPolicyFile'; Key = 'HKEY_CURRENT_USER\Software\Policies\Microsoft\Office\16.0\Word\Security'; ValueData = $null; ValueName = 'WordBypassEncryptedMacroScan'; ValueType = 'Dword'; OrganizationValueTestString = "{0} is 0|DoesNotExist"}
V-223388::*::HardCodedRule(RegistryRule)@{DscResource = 'RegistryPolicyFile'; Key = 'HKEY_CURRENT_USER\Software\Policies\Microsoft\Office\16.0\PowerPoint\Security\FileValidation'; ValueData = $null; ValueName = 'openinprotectedview'; ValueType = 'Dword';OrganizationValueTestString = "{0} is 1|DoesNotExist"}<splitrule>HardCodedRule(RegistryRule)@{DscResource = 'RegistryPolicyFile'; Key = 'HKEY_CURRENT_USER\Software\Policies\Microsoft\Office\16.0\PowerPoint\Security\FileValidation'; ValueData = "1"; ValueName = 'DisableEditFromPV'; ValueType = 'Dword'}
V-223351::*::HardCodedRule(RegistryRule)@{DscResource = 'RegistryPolicyFile'; Key = 'HKEY_CURRENT_USER\Software\Policies\Microsoft\Office\16.0\Outlook\Options\Mail'; ValueName = 'junkmailprotection'; ValueType = 'String'; ValueData = "3"}
V-223346::*::HardCodedRule(RegistryRule)@{DscResource = 'RegistryPolicyFile'; Key = 'HKEY_CURRENT_USER\Software\Policies\Microsoft\Office\16.0\Outlook\Security'; ValueData = $null; ValueName = 'authenticationservice'; ValueType = 'Dword'; OrganizationValueTestString = "{0} is 16(decimal)|10(hex)"}
V-223342::*::HardCodedRule(RegistryRule)@{DscResource = 'RegistryPolicyFile'; Key = 'HKEY_CURRENT_USER\Software\Policies\Microsoft\Office\16.0\Excel\Security\FileValidation'; ValueData = $null; ValueName = 'openinprotectedview'; ValueType = 'Dword';OrganizationValueTestString = "{0} is 1|DoesNotExist"}<splitrule>HardCodedRule(RegistryRule)@{DscResource = 'RegistryPolicyFile'; Key = 'HKEY_CURRENT_USER\Software\Policies\Microsoft\Office\16.0\Excel\Security\FileValidation'; ValueData = "1"; ValueName = 'DisableEditFromPV'; ValueType = 'Dword'}
V-223341::*::HardCodedRule(RegistryRule)@{DscResource = 'RegistryPolicyFile'; Key = 'HKEY_CURRENT_USER\Software\Policies\Microsoft\Office\16.0\Excel\Security\ProtectedView'; ValueData = $null; ValueName = 'DisableUnsafeLocationsInPV'; ValueType = 'Dword'; OrganizationValueTestString = "{0} is 0|DoesNotExist"}
V-223340::*::HardCodedRule(RegistryRule)@{DscResource = 'RegistryPolicyFile'; Key = 'HKEY_CURRENT_USER\Software\Policies\Microsoft\Office\16.0\Excel\Security\ProtectedView'; ValueData = $null; ValueName = 'DisableInternetFilesInPV'; ValueType = 'Dword'; OrganizationValueTestString = "{0} is 0|DoesNotExist"}
V-223335::*::HardCodedRule(RegistryRule)@{DscResource = 'RegistryPolicyFile'; Key = 'HKEY_CURRENT_USER\Software\Policies\Microsoft\Office\16.0\Excel\Security'; ValueData = $null; ValueName = 'webservicefunctionwarnings'; ValueType = 'Dword'; OrganizationValueTestString = "{0} is 1|DoesNotExist"}
V-223333::*::HardCodedRule(RegistryRule)@{DscResource = 'RegistryPolicyFile'; Key = 'HKEY_CURRENT_USER\Software\Policies\Microsoft\Office\16.0\Excel\Security'; ValueData = $null; ValueName = 'excelbypassencryptiedmacrosscan'; ValueType = 'Dword'; OrganizationValueTestString = "{0} is 1|DoesNotExist"}
V-223332::*::HardCodedRule(RegistryRule)@{DscResource = 'RegistryPolicyFile'; Key = 'HKEY_CURRENT_USER\Software\Policies\Microsoft\Office\16.0\Excel\Security'; ValueData = "2"; ValueName = 'extensionhardening'; ValueType = 'Dword'}
V-223331::*::HardCodedRule(RegistryRule)@{DscResource = 'RegistryPolicyFile'; Key = 'HKEY_CURRENT_USER\Software\Policies\Microsoft\Office\16.0\Excel\Options'; ValueData = "0"; ValueName = 'disableautorepublishwarning'; ValueType = 'Dword'}
V-223282::*::HardCodedRule(RegistryRule)@{DscResource = 'RegistryPolicyFile'; Key = 'HKEY_CURRENT_USER\Software\Policies\Microsoft\Office\16.0\Access\Security'; ValueData = $null; ValueName = 'vbawarnings'; ValueType = 'Dword'; OrganizationValueTestString = "{0} is 2|3|4"}
V-223359::*::HardCodedRule(RegistryRule)@{DscResource = 'RegistryPolicyFile'; Ensure = 'Present'; Key = 'HKEY_CURRENT_USER\Software\Policies\Microsoft\Office\16.0\Outlook\security'; ValueName = 'adminsecuritymode' ;ValueType = 'Dword'; ValueData = '3'}
V-223355::*::HardCodedRule(RegistryRule)@{DscResource = 'RegistryPolicyFile'; Ensure = 'Present'; Key = 'HKEY_CURRENT_USER\Software\Policies\Microsoft\Office\16.0\Outlook\security'; ValueName = 'publishtogaldisabled' ;ValueType = 'Dword'; ValueData = '1'}
V-223358::*::HardCodedRule(RegistryRule)@{DscResource = 'RegistryPolicyFile'; Ensure = 'Present'; Key = 'HKEY_CURRENT_USER\Software\Policies\Microsoft\Office\16.0\Outlook\security'; ValueName = 'usecrlchasing' ;ValueType = 'Dword'; ValueData = '1'}
V-223376::*::HardCodedRule(RegistryRule)@{DscResource = 'RegistryPolicyFile'; Key = 'HKEY_CURRENT_USER\Software\Policies\Microsoft\Office\16.0\Project\Security'; ValueData = $null; ValueName = 'vbawarnings'; ValueType = 'Dword'; OrganizationValueTestString = "{0} is 2|3|4"}
V-223377::*::HardCodedRule(RegistryRule)@{DscResource = 'RegistryPolicyFile'; Key = 'HKEY_CURRENT_USER\software\policies\microsoft\office\16.0\powerpoint\security'; ValueData = $null; ValueName = 'vbawarnings'; ValueType = 'Dword'; OrganizationValueTestString = "{0} is 2|3|4"}
V-223311::*::HardCodedRule(RegistryRule)@{DscResource = 'RegistryPolicyFile'; Key = 'HKEY_CURRENT_USER\Software\Policies\Microsoft\Office\16.0\Excel\Security'; ValueData = $null; ValueName = 'vbawarnings'; ValueType = 'Dword'; OrganizationValueTestString = "{0} is 3|4"}
V-223392::*::HardCodedRule(RegistryRule)@{DscResource = 'RegistryPolicyFile'; Key = 'HKEY_CURRENT_USER\Software\Policies\Microsoft\Office\16.0\Publisher\Security'; ValueData = $null; ValueName = 'vbawarnings'; ValueType = 'Dword'; OrganizationValueTestString = "{0} is 2|3|4"}
V-223393::*::HardCodedRule(RegistryRule)@{DscResource = 'RegistryPolicyFile'; Key = 'HKEY_CURRENT_USER\Software\Policies\Microsoft\Office\16.0\Visio\Security'; ValueData = $null; ValueName = 'vbawarnings'; ValueType = 'Dword'; OrganizationValueTestString = "{0} is 2|3|4"}
V-223417::*::HardCodedRule(RegistryRule)@{DscResource = 'RegistryPolicyFile'; Key = 'HKEY_CURRENT_USER\Software\Policies\Microsoft\Office\16.0\Word\Security'; ValueData = $null; ValueName = 'vbawarnings'; ValueType = 'Dword'; OrganizationValueTestString = "{0} is 2|3|4"}
V-223309::*::HardCodedRule(RegistryRule)@{DscResource = 'RegistryPolicyFile'; Key = 'HKEY_LOCAL_MACHINE\SOFTWARE\Microsoft\Office\Common\COM Compatibility'; ValueData = 'Block all Flash activation'; ValueName = 'COMMENT'; ValueType = 'String'}
